<?xml version="1.0" encoding="UTF-8"?>
<testsuite xmlns:xsi="http://www.w3.org/2001/XMLSchema-instance" xsi:noNamespaceSchemaLocation="https://maven.apache.org/surefire/maven-surefire-plugin/xsd/surefire-test-report-3.0.xsd" version="3.0" name="UserServiceTest" time="3.132" tests="6" errors="0" skipped="0" failures="0">
  <properties>
[...]
</properties>
  <testcase name="saveUser" classname="UserServiceTest" time="1.566">
    <system-out><![CDATA[Hibernate: 
    
    drop table if exists users
Hibernate: 
    
    create table users (
       id bigint not null auto_increment,
        age tinyint,
        lastName varchar(255),
        name varchar(255),
        primary key (id)
    ) engine=InnoDB
Hibernate: 
    DROP TABLE IF EXISTS users
Hibernate: 
    CREATE TABLE IF NOT EXISTS users(id BIGINT PRIMARY KEY AUTO_INCREMENT,name VARCHAR(35),lastName VARCHAR(55),age TINYINT UNSIGNED)
Hibernate: 
    insert 
    into
        users
        (age, lastName, name) 
    values
        (?, ?, ?)
User ╤ü ╨╕╨╝╨╡╨╜╨╡╨╝ ΓÇö Ivan ╨┤╨╛╨▒╨░╨▓╨╗╨╡╨╜ ╨▓ ╨▒╨░╨╖╤â ╨┤╨░╨╜╨╜╤ï╤à
Hibernate: 
    select
        user0_.id as id1_0_,
        user0_.age as age2_0_,
        user0_.lastName as lastname3_0_,
        user0_.name as name4_0_ 
    from
        users user0_
]]></system-out>
    <system-err><![CDATA[????. 24, 2026 7:19:44 PM org.hibernate.Version logVersion
INFO: HHH000412: Hibernate ORM core version 5.6.3.Final
????. 24, 2026 7:19:44 PM org.hibernate.annotations.common.reflection.java.JavaReflectionManager <clinit>
INFO: HCANN000001: Hibernate Commons Annotations {5.1.2.Final}
????. 24, 2026 7:19:44 PM org.hibernate.engine.jdbc.connections.internal.DriverManagerConnectionProviderImpl configure
WARN: HHH10001002: Using Hibernate built-in connection pool (not for production use!)
????. 24, 2026 7:19:44 PM org.hibernate.engine.jdbc.connections.internal.DriverManagerConnectionProviderImpl buildCreator
INFO: HHH10001005: using driver [com.mysql.cj.jdbc.Driver] at URL [jdbc:mysql://localhost:3306/dbusers]
????. 24, 2026 7:19:44 PM org.hibernate.engine.jdbc.connections.internal.DriverManagerConnectionProviderImpl buildCreator
INFO: HHH10001001: Connection properties: {password=****, user=root}
????. 24, 2026 7:19:44 PM org.hibernate.engine.jdbc.connections.internal.DriverManagerConnectionProviderImpl buildCreator
INFO: HHH10001003: Autocommit mode: false
????. 24, 2026 7:19:44 PM org.hibernate.engine.jdbc.connections.internal.DriverManagerConnectionProviderImpl$PooledConnections <init>
INFO: HHH000115: Hibernate connection pool size: 20 (min=1)
????. 24, 2026 7:19:45 PM org.hibernate.dialect.Dialect <init>
INFO: HHH000400: Using dialect: org.hibernate.dialect.MySQL8Dialect
????. 24, 2026 7:19:45 PM org.hibernate.resource.transaction.backend.jdbc.internal.DdlTransactionIsolatorNonJtaImpl getIsolatedConnection
INFO: HHH10001501: Connection obtained from JdbcConnectionAccess [org.hibernate.engine.jdbc.env.internal.JdbcEnvironmentInitiator$ConnectionProviderJdbcConnectionAccess@4b65d9f4] for (non-JTA) DDL execution was not in auto-commit mode; the Connection 'local transaction' will be committed and the Connection will be set into auto-commit mode.
????. 24, 2026 7:19:45 PM org.hibernate.resource.transaction.backend.jdbc.internal.DdlTransactionIsolatorNonJtaImpl getIsolatedConnection
INFO: HHH10001501: Connection obtained from JdbcConnectionAccess [org.hibernate.engine.jdbc.env.internal.JdbcEnvironmentInitiator$ConnectionProviderJdbcConnectionAccess@74174a23] for (non-JTA) DDL execution was not in auto-commit mode; the Connection 'local transaction' will be committed and the Connection will be set into auto-commit mode.
????. 24, 2026 7:19:45 PM org.hibernate.engine.transaction.jta.platform.internal.JtaPlatformInitiator initiateService
INFO: HHH000490: Using JtaPlatform implementation: [org.hibernate.engine.transaction.jta.platform.internal.NoJtaPlatform]
]]></system-err>
  </testcase>
  <testcase name="removeUserById" classname="UserServiceTest" time="0.281">
    <system-out><![CDATA[Hibernate: 
    DROP TABLE IF EXISTS users
Hibernate: 
    CREATE TABLE IF NOT EXISTS users(id BIGINT PRIMARY KEY AUTO_INCREMENT,name VARCHAR(35),lastName VARCHAR(55),age TINYINT UNSIGNED)
Hibernate: 
    insert 
    into
        users
        (age, lastName, name) 
    values
        (?, ?, ?)
User ╤ü ╨╕╨╝╨╡╨╜╨╡╨╝ ΓÇö Ivan ╨┤╨╛╨▒╨░╨▓╨╗╨╡╨╜ ╨▓ ╨▒╨░╨╖╤â ╨┤╨░╨╜╨╜╤ï╤à
Hibernate: 
    select
        user0_.id as id1_0_0_,
        user0_.age as age2_0_0_,
        user0_.lastName as lastname3_0_0_,
        user0_.name as name4_0_0_ 
    from
        users user0_ 
    where
        user0_.id=?
Hibernate: 
    delete 
    from
        users 
    where
        id=?
]]></system-out>
  </testcase>
  <testcase name="getAllUsers" classname="UserServiceTest" time="0.738">
    <system-out><![CDATA[Hibernate: 
    DROP TABLE IF EXISTS users
Hibernate: 
    CREATE TABLE IF NOT EXISTS users(id BIGINT PRIMARY KEY AUTO_INCREMENT,name VARCHAR(35),lastName VARCHAR(55),age TINYINT UNSIGNED)
Hibernate: 
    insert 
    into
        users
        (age, lastName, name) 
    values
        (?, ?, ?)
User ╤ü ╨╕╨╝╨╡╨╜╨╡╨╝ ΓÇö Ivan ╨┤╨╛╨▒╨░╨▓╨╗╨╡╨╜ ╨▓ ╨▒╨░╨╖╤â ╨┤╨░╨╜╨╜╤ï╤à
Hibernate: 
    select
        user0_.id as id1_0_,
        user0_.age as age2_0_,
        user0_.lastName as lastname3_0_,
        user0_.name as name4_0_ 
    from
        users user0_
]]></system-out>
  </testcase>
  <testcase name="dropUsersTable" classname="UserServiceTest" time="0.109">
    <system-out><![CDATA[Hibernate: 
    DROP TABLE IF EXISTS users
Hibernate: 
    DROP TABLE IF EXISTS users
]]></system-out>
  </testcase>
  <testcase name="createUsersTable" classname="UserServiceTest" time="0.156">
    <system-out><![CDATA[Hibernate: 
    DROP TABLE IF EXISTS users
Hibernate: 
    CREATE TABLE IF NOT EXISTS users(id BIGINT PRIMARY KEY AUTO_INCREMENT,name VARCHAR(35),lastName VARCHAR(55),age TINYINT UNSIGNED)
]]></system-out>
  </testcase>
  <testcase name="cleanUsersTable" classname="UserServiceTest" time="0.235">
    <system-out><![CDATA[Hibernate: 
    DROP TABLE IF EXISTS users
Hibernate: 
    CREATE TABLE IF NOT EXISTS users(id BIGINT PRIMARY KEY AUTO_INCREMENT,name VARCHAR(35),lastName VARCHAR(55),age TINYINT UNSIGNED)
Hibernate: 
    insert 
    into
        users
        (age, lastName, name) 
    values
        (?, ?, ?)
User ╤ü ╨╕╨╝╨╡╨╜╨╡╨╝ ΓÇö Ivan ╨┤╨╛╨▒╨░╨▓╨╗╨╡╨╜ ╨▓ ╨▒╨░╨╖╤â ╨┤╨░╨╜╨╜╤ï╤à
Hibernate: 
    delete 
    from
        users
Hibernate: 
    select
        user0_.id as id1_0_,
        user0_.age as age2_0_,
        user0_.lastName as lastname3_0_,
        user0_.name as name4_0_ 
    from
        users user0_
]]></system-out>
  </testcase>
</testsuite>